\BOOKMARK [0][-]{chapter.1}{\376\377\000I\000n\000t\000r\000o\000d\000u\000c\000t\000i\000o\000n}{}% 1
\BOOKMARK [1][-]{section.1.1}{\376\377\000O\000b\000j\000e\000t\000\040\000d\000u\000\040\000l\000o\000g\000i\000c\000i\000e\000l}{chapter.1}% 2
\BOOKMARK [1][-]{section.1.2}{\376\377\000P\000u\000b\000l\000i\000c\000\040\000v\000i\000s\000\351}{chapter.1}% 3
\BOOKMARK [1][-]{section.1.3}{\376\377\000P\000h\000i\000l\000o\000s\000o\000p\000h\000i\000e\000\040\000g\000\351\000n\000\351\000r\000a\000l\000e}{chapter.1}% 4
\BOOKMARK [1][-]{section.1.4}{\376\377\000U\000n\000i\000t\000\351\000s\000\040\000i\000n\000t\000e\000r\000n\000e\000s}{chapter.1}% 5
\BOOKMARK [1][-]{section.1.5}{\376\377\000S\000t\000a\000t\000u\000t\000\040\000d\000u\000\040\000l\000o\000g\000i\000c\000i\000e\000l}{chapter.1}% 6
\BOOKMARK [0][-]{chapter.2}{\376\377\000I\000n\000s\000t\000a\000l\000l\000a\000t\000i\000o\000n\000\040\000e\000t\000\040\000l\000a\000n\000c\000e\000m\000e\000n\000t}{}% 7
\BOOKMARK [1][-]{section.2.1}{\376\377\000P\000r\000\351\000r\000e\000q\000u\000i\000s}{chapter.2}% 8
\BOOKMARK [1][-]{section.2.2}{\376\377\000I\000n\000s\000t\000a\000l\000l\000a\000t\000i\000o\000n\000\040\000d\000e\000p\000u\000i\000s\000\040\000l\000e\000s\000\040\000s\000o\000u\000r\000c\000e\000s}{chapter.2}% 9
\BOOKMARK [1][-]{section.2.3}{\376\377\000O\000p\000e\000n\000S\000e\000e\000s\000P\000y\000\040\000o\000p\000t\000i\000o\000n\000n\000e\000l}{chapter.2}% 10
\BOOKMARK [1][-]{section.2.4}{\376\377\000C\000o\000n\000s\000t\000r\000u\000c\000t\000i\000o\000n\000\040\000d\000e\000\040\000l\000'\000e\000x\000\351\000c\000u\000t\000a\000b\000l\000e\000\040\000W\000i\000n\000d\000o\000w\000s}{chapter.2}% 11
\BOOKMARK [1][-]{section.2.5}{\376\377\000V\000\351\000r\000i\000f\000i\000c\000a\000t\000i\000o\000n\000\040\000r\000a\000p\000i\000d\000e}{chapter.2}% 12
\BOOKMARK [0][-]{chapter.3}{\376\377\000I\000n\000t\000e\000r\000f\000a\000c\000e\000\040\000u\000t\000i\000l\000i\000s\000a\000t\000e\000u\000r}{}% 13
\BOOKMARK [1][-]{section.3.1}{\376\377\000V\000u\000e\000\040\000d\000'\000e\000n\000s\000e\000m\000b\000l\000e}{chapter.3}% 14
\BOOKMARK [1][-]{section.3.2}{\376\377\000A\000r\000b\000r\000e\000\040\000d\000u\000\040\000m\000o\000d\000\350\000l\000e}{chapter.3}% 15
\BOOKMARK [1][-]{section.3.3}{\376\377\000V\000u\000e\000\040\000g\000r\000a\000p\000h\000i\000q\000u\000e}{chapter.3}% 16
\BOOKMARK [1][-]{section.3.4}{\376\377\000P\000a\000n\000n\000e\000a\000u\000\040\000d\000e\000\040\000p\000r\000o\000p\000r\000i\000\351\000t\000\351\000s}{chapter.3}% 17
\BOOKMARK [1][-]{section.3.5}{\376\377\000O\000n\000g\000l\000e\000t\000s\000\040\000i\000n\000f\000\351\000r\000i\000e\000u\000r\000s}{chapter.3}% 18
\BOOKMARK [1][-]{section.3.6}{\376\377\000M\000e\000n\000u\000s\000\040\000p\000r\000i\000n\000c\000i\000p\000a\000u\000x}{chapter.3}% 19
\BOOKMARK [0][-]{chapter.4}{\376\377\000M\000o\000d\000\351\000l\000i\000s\000a\000t\000i\000o\000n}{}% 20
\BOOKMARK [1][-]{section.4.1}{\376\377\000P\000r\000o\000j\000e\000t}{chapter.4}% 21
\BOOKMARK [1][-]{section.4.2}{\376\377\000N\001\123\000u\000d\000s}{chapter.4}% 22
\BOOKMARK [1][-]{section.4.3}{\376\377\000B\000a\000r\000r\000e\000s}{chapter.4}% 23
\BOOKMARK [1][-]{section.4.4}{\376\377\000S\000u\000r\000f\000a\000c\000e\000s}{chapter.4}% 24
\BOOKMARK [1][-]{section.4.5}{\376\377\000G\000r\000i\000l\000l\000e}{chapter.4}% 25
\BOOKMARK [0][-]{chapter.5}{\376\377\000M\000a\000t\000\351\000r\000i\000a\000u\000x\000\040\000e\000t\000\040\000s\000e\000c\000t\000i\000o\000n\000s}{}% 26
\BOOKMARK [1][-]{section.5.1}{\376\377\000M\000a\000t\000\351\000r\000i\000a\000u\000x}{chapter.5}% 27
\BOOKMARK [1][-]{section.5.2}{\376\377\000S\000e\000c\000t\000i\000o\000n\000s\000\040\000d\000e\000\040\000b\000a\000r\000r\000e}{chapter.5}% 28
\BOOKMARK [1][-]{section.5.3}{\376\377\000S\000e\000c\000t\000i\000o\000n\000s\000\040\000p\000l\000a\000q\000u\000e}{chapter.5}% 29
\BOOKMARK [1][-]{section.5.4}{\376\377\000B\000o\000n\000n\000e\000s\000\040\000p\000r\000a\000t\000i\000q\000u\000e\000s}{chapter.5}% 30
\BOOKMARK [0][-]{chapter.6}{\376\377\000A\000p\000p\000u\000i\000s\000,\000\040\000c\000h\000a\000r\000g\000e\000s\000\040\000e\000t\000\040\000c\000o\000m\000b\000i\000n\000a\000i\000s\000o\000n\000s}{}% 31
\BOOKMARK [1][-]{section.6.1}{\376\377\000C\000o\000n\000d\000i\000t\000i\000o\000n\000s\000\040\000a\000u\000x\000\040\000l\000i\000m\000i\000t\000e\000s}{chapter.6}% 32
\BOOKMARK [1][-]{section.6.2}{\376\377\000C\000a\000s\000\040\000d\000e\000\040\000c\000h\000a\000r\000g\000e}{chapter.6}% 33
\BOOKMARK [1][-]{section.6.3}{\376\377\000C\000h\000a\000r\000g\000e\000s\000\040\000n\000o\000d\000a\000l\000e\000s}{chapter.6}% 34
\BOOKMARK [1][-]{section.6.4}{\376\377\000C\000h\000a\000r\000g\000e\000s\000\040\000r\000\351\000p\000a\000r\000t\000i\000e\000s\000\040\000s\000u\000r\000\040\000b\000a\000r\000r\000e\000s}{chapter.6}% 35
\BOOKMARK [1][-]{section.6.5}{\376\377\000C\000h\000a\000r\000g\000e\000s\000\040\000s\000u\000r\000f\000a\000c\000i\000q\000u\000e\000s}{chapter.6}% 36
\BOOKMARK [1][-]{section.6.6}{\376\377\000C\000o\000m\000b\000i\000n\000a\000i\000s\000o\000n\000s}{chapter.6}% 37
\BOOKMARK [0][-]{chapter.7}{\376\377\000A\000n\000a\000l\000y\000s\000e}{}% 38
\BOOKMARK [1][-]{section.7.1}{\376\377\000M\000o\000t\000e\000u\000r\000s\000\040\000d\000i\000s\000p\000o\000n\000i\000b\000l\000e\000s}{chapter.7}% 39
\BOOKMARK [1][-]{section.7.2}{\376\377\000A\000n\000a\000l\000y\000s\000e\000\040\000s\000t\000a\000t\000i\000q\000u\000e\000\040\000l\000i\000n\000\351\000a\000i\000r\000e}{chapter.7}% 40
\BOOKMARK [1][-]{section.7.3}{\376\377\000P\000o\000i\000d\000s\000\040\000p\000r\000o\000p\000r\000e}{chapter.7}% 41
\BOOKMARK [1][-]{section.7.4}{\376\377\000M\000e\000s\000s\000a\000g\000e\000s\000\040\000d\000e\000\040\000c\000a\000l\000c\000u\000l}{chapter.7}% 42
\BOOKMARK [0][-]{chapter.8}{\376\377\000R\000\351\000s\000u\000l\000t\000a\000t\000s}{}% 43
\BOOKMARK [1][-]{section.8.1}{\376\377\000T\000y\000p\000e\000s\000\040\000d\000e\000\040\000r\000\351\000s\000u\000l\000t\000a\000t\000s}{chapter.8}% 44
\BOOKMARK [1][-]{section.8.2}{\376\377\000T\000a\000b\000l\000e\000a\000u\000x}{chapter.8}% 45
\BOOKMARK [1][-]{section.8.3}{\376\377\000D\000i\000a\000g\000r\000a\000m\000m\000e\000s\000\040\000d\000e\000\040\000b\000a\000r\000r\000e\000s}{chapter.8}% 46
\BOOKMARK [1][-]{section.8.4}{\376\377\000D\000\351\000f\000o\000r\000m\000\351\000e}{chapter.8}% 47
\BOOKMARK [1][-]{section.8.5}{\376\377\000R\000\351\000s\000u\000l\000t\000a\000t\000s\000\040\000p\000l\000a\000q\000u\000e\000s}{chapter.8}% 48
\BOOKMARK [1][-]{section.8.6}{\376\377\000C\000o\000n\000v\000e\000n\000t\000i\000o\000n\000s\000\040\000d\000e\000\040\000s\000i\000g\000n\000e}{chapter.8}% 49
\BOOKMARK [0][-]{chapter.9}{\376\377\000E\000x\000e\000m\000p\000l\000e\000s\000\040\000g\000u\000i\000d\000\351\000s}{}% 50
\BOOKMARK [1][-]{section.9.1}{\376\377\000E\000x\000e\000m\000p\000l\000e\000\040\0001\000\040\000:\000\040\000p\000o\000u\000t\000r\000e\000\040\000s\000i\000m\000p\000l\000e\000m\000e\000n\000t\000\040\000a\000p\000p\000u\000y\000\351\000e}{chapter.9}% 51
\BOOKMARK [1][-]{section.9.2}{\376\377\000E\000x\000e\000m\000p\000l\000e\000\040\0002\000\040\000:\000\040\000p\000o\000r\000t\000i\000q\000u\000e\000\040\000p\000l\000a\000n}{chapter.9}% 52
\BOOKMARK [1][-]{section.9.3}{\376\377\000E\000x\000e\000m\000p\000l\000e\000\040\0003\000\040\000:\000\040\000d\000a\000l\000l\000e\000\040\000s\000i\000m\000p\000l\000e}{chapter.9}% 53
\BOOKMARK [0][-]{chapter.10}{\376\377\000L\000i\000m\000i\000t\000e\000s\000,\000\040\000v\000a\000l\000i\000d\000a\000t\000i\000o\000n\000\040\000e\000t\000\040\000r\000e\000s\000p\000o\000n\000s\000a\000b\000i\000l\000i\000t\000\351}{}% 54
\BOOKMARK [1][-]{section.10.1}{\376\377\000L\000i\000m\000i\000t\000e\000s\000\040\000a\000c\000t\000u\000e\000l\000l\000e\000s}{chapter.10}% 55
\BOOKMARK [1][-]{section.10.2}{\376\377\000V\000a\000l\000i\000d\000a\000t\000i\000o\000n\000\040\000r\000e\000c\000o\000m\000m\000a\000n\000d\000\351\000e}{chapter.10}% 56
\BOOKMARK [1][-]{section.10.3}{\376\377\000A\000v\000e\000r\000t\000i\000s\000s\000e\000m\000e\000n\000t}{chapter.10}% 57
\BOOKMARK [1][-]{section.10.4}{\376\377\000T\000r\000a\000\347\000a\000b\000i\000l\000i\000t\000\351}{chapter.10}% 58
\BOOKMARK [0][-]{chapter.11}{\376\377\000F\000a\000i\000r\000e\000\040\000\351\000v\000o\000l\000u\000e\000r\000\040\000c\000e\000t\000t\000e\000\040\000d\000o\000c\000u\000m\000e\000n\000t\000a\000t\000i\000o\000n}{}% 59
\BOOKMARK [1][-]{section.11.1}{\376\377\000P\000r\000i\000n\000c\000i\000p\000e}{chapter.11}% 60
\BOOKMARK [1][-]{section.11.2}{\376\377\000A\000j\000o\000u\000t\000e\000r\000\040\000u\000n\000e\000\040\000c\000a\000p\000t\000u\000r\000e}{chapter.11}% 61
\BOOKMARK [1][-]{section.11.3}{\376\377\000A\000j\000o\000u\000t\000e\000r\000\040\000u\000n\000\040\000c\000h\000a\000p\000i\000t\000r\000e}{chapter.11}% 62
\BOOKMARK [1][-]{section.11.4}{\376\377\000M\000a\000r\000q\000u\000e\000r\000\040\000l\000e\000s\000\040\000p\000a\000r\000t\000i\000e\000s\000\040\000\340\000\040\000c\000o\000m\000p\000l\000\351\000t\000e\000r}{chapter.11}% 63
\BOOKMARK [1][-]{section.11.5}{\376\377\000C\000o\000m\000p\000i\000l\000e\000r}{chapter.11}% 64
\BOOKMARK [0][-]{appendix.A}{\376\377\000R\000a\000c\000c\000o\000u\000r\000c\000i\000s\000\040\000e\000t\000\040\000f\000i\000c\000h\000i\000e\000r\000s\000\040\000u\000t\000i\000l\000e\000s}{}% 65
\BOOKMARK [1][-]{section.A.1}{\376\377\000R\000a\000c\000c\000o\000u\000r\000c\000i\000s}{appendix.A}% 66
\BOOKMARK [1][-]{section.A.2}{\376\377\000F\000i\000c\000h\000i\000e\000r\000s\000\040\000d\000u\000\040\000p\000r\000o\000j\000e\000t}{appendix.A}% 67
